<?xml version="1.0" encoding="UTF-8"?>
<!-- Generated by org.testng.reporters.JUnitReportReporter -->
<testsuite hostname="edulab3" failures="0" tests="1" name="com.qa.testpage.SignUpPage_Test" time="9.877" errors="0" timestamp="2023-10-31T16:37:07 IST" skipped="0">
  <testcase classname="com.qa.testpage.SignUpPage_Test" name="Validate_SignUpLink" time="9.877"/>
</testsuite> <!-- com.qa.testpage.SignUpPage_Test -->
