<?xml version="1.0" encoding="UTF-8"?>
<!-- Generated by org.testng.reporters.JUnitReportReporter -->
<testsuite hostname="edulab3" failures="0" tests="2" name="com.qa.testpage.LoginPage_Test" time="17.171" errors="0" timestamp="2023-10-31T16:45:39 IST" skipped="0">
  <testcase classname="com.qa.testpage.LoginPage_Test" name="loginPageTitleTest" time="9.136"/>
  <testcase classname="com.qa.testpage.LoginPage_Test" name="loginpage_Test" time="8.035"/>
</testsuite> <!-- com.qa.testpage.LoginPage_Test -->
